# JRE version: Java(TM) SE Runtime Environment (21.0.1+12) (build 21.0.1+12-LTS-29)
# Java VM: Java HotSpot(TM) 64-Bit Server VM (21.0.1+12-LTS-29, mixed mode, sharing, tiered, compressed oops, compressed class ptrs, g1 gc, windows-amd64)
GC Precious Log:
 CardTable entry size: 512
 Card Set container configuration: InlinePtr #cards 5 size 8 Array Of Cards #cards 12 size 40 Howl #buckets 4 coarsen threshold 1843 Howl Bitmap #cards 512 size 80 coarsen threshold 460 Card regions per heap region 1 cards per card region 2048
 CPUs: 12 total, 12 available
 Memory: 6005M
 Large Page Support: Disabled
 NUMA Support: Disabled
 Compressed Oops: Enabled (32-bit)
 Heap Region Size: 1M
 Heap Min Capacity: 8M
 Heap Initial Capacity: 94M
 Heap Max Capacity: 1502M
 Pre-touch: Disabled
 Parallel Workers: 10
 Concurrent Workers: 3
 Concurrent Refinement Workers: 10
 Periodic GC: Disabled
Heap:
 garbage-first heap   total 71680K, used 46751K [0x00000000a2200000, 0x0000000100000000)
  region size 1024K, 10 young (10240K), 3 survivors (3072K)
 Metaspace       used 78566K, committed 79296K, reserved 1179648K
  class space    used 10622K, committed 10944K, reserved 1048576K
GC Heap History (20 events):
Event: 24.097 GC heap before
{Heap before GC invocations=11 (full 0):
 garbage-first heap   total 55296K, used 47380K [0x00000000a2200000, 0x0000000100000000)
  region size 1024K, 24 young (24576K), 2 survivors (2048K)
 Metaspace       used 50568K, committed 51072K, reserved 1114112K
  class space    used 6701K, committed 6912K, reserved 1048576K
}
Event: 24.111 GC heap after
{Heap after GC invocations=12 (full 0):
 garbage-first heap   total 55296K, used 26624K [0x00000000a2200000, 0x0000000100000000)
  region size 1024K, 3 young (3072K), 3 survivors (3072K)
 Metaspace       used 50568K, committed 51072K, reserved 1114112K
  class space    used 6701K, committed 6912K, reserved 1048576K
}
Event: 26.183 GC heap before
{Heap before GC invocations=12 (full 0):
 garbage-first heap   total 55296K, used 48128K [0x00000000a2200000, 0x0000000100000000)
  region size 1024K, 24 young (24576K), 3 survivors (3072K)
 Metaspace       used 54778K, committed 55360K, reserved 1114112K
  class space    used 7189K, committed 7424K, reserved 1048576K
}
Event: 26.197 GC heap after
{Heap after GC invocations=13 (full 0):
 garbage-first heap   total 55296K, used 28150K [0x00000000a2200000, 0x0000000100000000)
  region size 1024K, 2 young (2048K), 2 survivors (2048K)
 Metaspace       used 54778K, committed 55360K, reserved 1114112K
  class space    used 7189K, committed 7424K, reserved 1048576K
}
Event: 28.006 GC heap before
{Heap before GC invocations=13 (full 0):
 garbage-first heap   total 55296K, used 41462K [0x00000000a2200000, 0x0000000100000000)
  region size 1024K, 16 young (16384K), 2 survivors (2048K)
 Metaspace       used 59553K, committed 60096K, reserved 1114112K
  class space    used 7972K, committed 8256K, reserved 1048576K
}
Event: 28.014 GC heap after
{Heap after GC invocations=14 (full 0):
 garbage-first heap   total 55296K, used 28819K [0x00000000a2200000, 0x0000000100000000)
  region size 1024K, 2 young (2048K), 2 survivors (2048K)
 Metaspace       used 59553K, committed 60096K, reserved 1114112K
  class space    used 7972K, committed 8256K, reserved 1048576K
}
Event: 29.730 GC heap before
{Heap before GC invocations=15 (full 0):
 garbage-first heap   total 55296K, used 48275K [0x00000000a2200000, 0x0000000100000000)
  region size 1024K, 21 young (21504K), 2 survivors (2048K)
 Metaspace       used 61205K, committed 61760K, reserved 1114112K
  class space    used 8254K, committed 8512K, reserved 1048576K
}
Event: 29.745 GC heap after
{Heap after GC invocations=16 (full 0):
 garbage-first heap   total 66560K, used 29291K [0x00000000a2200000, 0x0000000100000000)
  region size 1024K, 2 young (2048K), 2 survivors (2048K)
 Metaspace       used 61205K, committed 61760K, reserved 1114112K
  class space    used 8254K, committed 8512K, reserved 1048576K
}
Event: 33.524 GC heap before
{Heap before GC invocations=16 (full 0):
 garbage-first heap   total 66560K, used 57963K [0x00000000a2200000, 0x0000000100000000)
  region size 1024K, 31 young (31744K), 2 survivors (2048K)
 Metaspace       used 67324K, committed 68032K, reserved 1114112K
  class space    used 9031K, committed 9344K, reserved 1048576K
}
Event: 33.538 GC heap after
{Heap after GC invocations=17 (full 0):
 garbage-first heap   total 66560K, used 30960K [0x00000000a2200000, 0x0000000100000000)
  region size 1024K, 4 young (4096K), 4 survivors (4096K)
 Metaspace       used 67324K, committed 68032K, reserved 1114112K
  class space    used 9031K, committed 9344K, reserved 1048576K
}
Event: 36.638 GC heap before
{Heap before GC invocations=17 (full 0):
 garbage-first heap   total 66560K, used 57584K [0x00000000a2200000, 0x0000000100000000)
  region size 1024K, 30 young (30720K), 4 survivors (4096K)
 Metaspace       used 70130K, committed 70720K, reserved 1114112K
  class space    used 9438K, committed 9728K, reserved 1048576K
}
Event: 36.671 GC heap after
{Heap after GC invocations=18 (full 0):
 garbage-first heap   total 66560K, used 33297K [0x00000000a2200000, 0x0000000100000000)
  region size 1024K, 3 young (3072K), 3 survivors (3072K)
 Metaspace       used 70130K, committed 70720K, reserved 1114112K
  class space    used 9438K, committed 9728K, reserved 1048576K
}
Event: 38.616 GC heap before
{Heap before GC invocations=18 (full 0):
 garbage-first heap   total 66560K, used 57873K [0x00000000a2200000, 0x0000000100000000)
  region size 1024K, 27 young (27648K), 3 survivors (3072K)
 Metaspace       used 72300K, committed 73024K, reserved 1114112K
  class space    used 9723K, committed 10048K, reserved 1048576K
}
Event: 38.658 GC heap after
{Heap after GC invocations=19 (full 0):
 garbage-first heap   total 66560K, used 34949K [0x00000000a2200000, 0x0000000100000000)
  region size 1024K, 2 young (2048K), 2 survivors (2048K)
 Metaspace       used 72300K, committed 73024K, reserved 1114112K
  class space    used 9723K, committed 10048K, reserved 1048576K
}
Event: 41.310 GC heap before
{Heap before GC invocations=20 (full 0):
 garbage-first heap   total 66560K, used 58501K [0x00000000a2200000, 0x0000000100000000)
  region size 1024K, 26 young (26624K), 2 survivors (2048K)
 Metaspace       used 74157K, committed 74816K, reserved 1114112K
  class space    used 10012K, committed 10304K, reserved 1048576K
}
Event: 41.323 GC heap after
{Heap after GC invocations=21 (full 0):
 garbage-first heap   total 66560K, used 36665K [0x00000000a2200000, 0x0000000100000000)
  region size 1024K, 4 young (4096K), 4 survivors (4096K)
 Metaspace       used 74157K, committed 74816K, reserved 1114112K
  class space    used 10012K, committed 10304K, reserved 1048576K
}
Event: 43.359 GC heap before
{Heap before GC invocations=21 (full 0):
 garbage-first heap   total 66560K, used 57145K [0x00000000a2200000, 0x0000000100000000)
  region size 1024K, 24 young (24576K), 4 survivors (4096K)
 Metaspace       used 76312K, committed 76992K, reserved 1179648K
  class space    used 10309K, committed 10624K, reserved 1048576K
}
Event: 43.382 GC heap after
{Heap after GC invocations=22 (full 0):
 garbage-first heap   total 66560K, used 38296K [0x00000000a2200000, 0x0000000100000000)
  region size 1024K, 2 young (2048K), 2 survivors (2048K)
 Metaspace       used 76312K, committed 76992K, reserved 1179648K
  class space    used 10309K, committed 10624K, reserved 1048576K
}
Event: 45.361 GC heap before
{Heap before GC invocations=22 (full 0):
 garbage-first heap   total 66560K, used 59800K [0x00000000a2200000, 0x0000000100000000)
  region size 1024K, 23 young (23552K), 2 survivors (2048K)
 Metaspace       used 77205K, committed 77952K, reserved 1179648K
  class space    used 10413K, committed 10752K, reserved 1048576K
}
Event: 45.385 GC heap after
{Heap after GC invocations=23 (full 0):
 garbage-first heap   total 66560K, used 40607K [0x00000000a2200000, 0x0000000100000000)
  region size 1024K, 3 young (3072K), 3 survivors (3072K)
 Metaspace       used 77205K, committed 77952K, reserved 1179648K
  class space    used 10413K, committed 10752K, reserved 1048576K
}

